<?xml version="1.0" encoding="UTF-8"?>
<!-- Generated by org.testng.reporters.JUnitXMLReporter -->
<testsuite ignored="0" hostname="DESKTOP-88V4A8K" failures="0" tests="3" name="MySeleniumProjectHRS" time="58.599" errors="0" timestamp="2026-07-02T07:28:49 IST">
  <testcase classname="testNG.Login" name="login3" time="13.123"/>
  <testcase classname="testNG.Login" name="login1" time="4.784"/>
  <testcase classname="testNG.Login" name="login2" time="4.619"/>
</testsuite> <!-- MySeleniumProjectHRS -->
