<?xml version="1.0" encoding="UTF-8"?>
<testng-results ignored="0" total="3" passed="3" failed="0" skipped="0">
  <reporter-output>
  </reporter-output>
  <suite started-at="2026-07-02T07:27:51 IST" name="Default Suite" finished-at="2026-07-02T07:28:49 IST" duration-ms="58599">
    <groups>
    </groups>
    <test started-at="2026-07-02T07:27:51 IST" name="MySeleniumProjectHRS" finished-at="2026-07-02T07:28:49 IST" duration-ms="58599">
      <class name="testNG.Login">
        <test-method is-config="true" signature="launchBrowserAndEnterUrl()[pri:0, instance:testNG.Login@515aebb0]" started-at="2026-07-02T07:27:51 IST" name="launchBrowserAndEnterUrl" finished-at="2026-07-02T07:27:59 IST" duration-ms="7679" status="PASS">
          <reporter-output>
          </reporter-output>
        </test-method> <!-- launchBrowserAndEnterUrl -->
        <test-method signature="login3()[pri:1, instance:testNG.Login@515aebb0]" started-at="2026-07-02T07:27:59 IST" name="login3" finished-at="2026-07-02T07:28:12 IST" duration-ms="13123" status="PASS">
          <reporter-output>
          </reporter-output>
        </test-method> <!-- login3 -->
        <test-method is-config="true" signature="closeBrowser()[pri:0, instance:testNG.Login@515aebb0]" started-at="2026-07-02T07:28:12 IST" name="closeBrowser" finished-at="2026-07-02T07:28:16 IST" duration-ms="4275" status="PASS">
          <reporter-output>
          </reporter-output>
        </test-method> <!-- closeBrowser -->
        <test-method is-config="true" signature="launchBrowserAndEnterUrl()[pri:0, instance:testNG.Login@515aebb0]" started-at="2026-07-02T07:28:16 IST" name="launchBrowserAndEnterUrl" finished-at="2026-07-02T07:28:27 IST" duration-ms="11069" status="PASS">
          <reporter-output>
          </reporter-output>
        </test-method> <!-- launchBrowserAndEnterUrl -->
        <test-method signature="login1()[pri:2, instance:testNG.Login@515aebb0]" started-at="2026-07-02T07:28:27 IST" name="login1" finished-at="2026-07-02T07:28:32 IST" duration-ms="4784" status="PASS">
          <reporter-output>
          </reporter-output>
        </test-method> <!-- login1 -->
        <test-method is-config="true" signature="closeBrowser()[pri:0, instance:testNG.Login@515aebb0]" started-at="2026-07-02T07:28:32 IST" name="closeBrowser" finished-at="2026-07-02T07:28:33 IST" duration-ms="750" status="PASS">
          <reporter-output>
          </reporter-output>
        </test-method> <!-- closeBrowser -->
        <test-method is-config="true" signature="launchBrowserAndEnterUrl()[pri:0, instance:testNG.Login@515aebb0]" started-at="2026-07-02T07:28:33 IST" name="launchBrowserAndEnterUrl" finished-at="2026-07-02T07:28:43 IST" duration-ms="10622" status="PASS">
          <reporter-output>
          </reporter-output>
        </test-method> <!-- launchBrowserAndEnterUrl -->
        <test-method signature="login2()[pri:3, instance:testNG.Login@515aebb0]" started-at="2026-07-02T07:28:43 IST" name="login2" finished-at="2026-07-02T07:28:48 IST" duration-ms="4619" status="PASS">
          <reporter-output>
          </reporter-output>
        </test-method> <!-- login2 -->
        <test-method is-config="true" signature="closeBrowser()[pri:0, instance:testNG.Login@515aebb0]" started-at="2026-07-02T07:28:48 IST" name="closeBrowser" finished-at="2026-07-02T07:28:49 IST" duration-ms="1391" status="PASS">
          <reporter-output>
          </reporter-output>
        </test-method> <!-- closeBrowser -->
      </class> <!-- testNG.Login -->
    </test> <!-- MySeleniumProjectHRS -->
  </suite> <!-- Default Suite -->
</testng-results>
